<?xml version="1.0" encoding="UTF-8"?>
<testsuite xmlns:xsi="http://www.w3.org/2001/XMLSchema-instance" xsi:noNamespaceSchemaLocation="https://maven.apache.org/surefire/maven-surefire-plugin/xsd/surefire-test-report.xsd" version="3.0.2" name="com.flow.application.it.LoginE2ETest" time="19.607" tests="2" errors="0" skipped="0" failures="0">
  <properties>
[...]
</properties>
  <testcase name="loginAsValidUserSucceeds()[1]" classname="com.flow.application.it.LoginE2ETest" time="4.839">
    <system-out><![CDATA[2025-10-26T21:08:16.240-07:00  WARN 27804 --- [Pool-1-worker-4] o.o.selenium.devtools.CdpVersionFinder   : Unable to find an exact match for CDP version 141, returning the closest version; found: 139; Please update to a Selenium version that supports CDP version 141
2025-10-26T21:08:16.240-07:00  WARN 27804 --- [Pool-1-worker-5] o.o.selenium.devtools.CdpVersionFinder   : Unable to find an exact match for CDP version 141, returning the closest version; found: 139; Please update to a Selenium version that supports CDP version 141
2025-10-26T21:08:16.456-07:00  INFO 27804 --- [o-auto-1-exec-1] o.a.c.c.C.[Tomcat].[localhost].[/]       : Initializing Spring DispatcherServlet 'dispatcherServlet'
2025-10-26T21:08:16.457-07:00  INFO 27804 --- [o-auto-1-exec-1] o.s.web.servlet.DispatcherServlet        : Initializing Servlet 'dispatcherServlet'
2025-10-26T21:08:16.458-07:00  INFO 27804 --- [o-auto-1-exec-1] o.s.web.servlet.DispatcherServlet        : Completed initialization in 1 ms
]]></system-out>
  </testcase>
  <testcase name="loginAsInvalidUserFails()[1]" classname="com.flow.application.it.LoginE2ETest" time="5.476"/>
</testsuite>